<?xml version="1.0" encoding="UTF-8"?>
<!-- Generated by org.testng.reporters.JUnitReportReporter -->
<testsuite skipped="0" hostname="Chandrababu-PC" name="org.priya.testing.Mavenproject.test1" tests="1" failures="0" timestamp="2021-09-25T09:01:25 IST" time="20.813" errors="0">
  <testcase name="verifyTitle" time="20.813" classname="org.priya.testing.Mavenproject.test1"/>
  <system-out/>
</testsuite> <!-- org.priya.testing.Mavenproject.test1 -->
